Using pre-set license
Built from '2021.3/release' branch; Version is '2021.3.27f1 (ca3ffb99bcc6) revision 13254651'; Using compiler version '192829333'; Build Type 'Release'
OS: 'Windows 10  (10.0.19045) 64bit Core' Language: 'tr' Physical Memory: 16304 MB
BatchMode: 1, IsHumanControllingUs: 0, StartBugReporterOnCrash: 0, Is64bit: 1, IsPro: 1

COMMAND LINE ARGUMENTS:
D:\2021.3.27f1\Editor\Unity.exe
-adb2
-batchMode
-noUpm
-name
AssetImportWorker0
-projectPath
C:/Users/admin/Documents/GitHub/U-28-Bootcamp/Salusa-Sendacus
-logFile
Logs/AssetImportWorker0.log
-srvPort
62727
Successfully changed project path to: C:/Users/admin/Documents/GitHub/U-28-Bootcamp/Salusa-Sendacus
C:/Users/admin/Documents/GitHub/U-28-Bootcamp/Salusa-Sendacus
[UnityMemory] Configuration Parameters - Can be set up in boot.config
    "memorysetup-bucket-allocator-granularity=16"
    "memorysetup-bucket-allocator-bucket-count=8"
    "memorysetup-bucket-allocator-block-size=33554432"
    "memorysetup-bucket-allocator-block-count=8"
    "memorysetup-main-allocator-block-size=16777216"
    "memorysetup-thread-allocator-block-size=16777216"
    "memorysetup-gfx-main-allocator-block-size=16777216"
    "memorysetup-gfx-thread-allocator-block-size=16777216"
    "memorysetup-cache-allocator-block-size=4194304"
    "memorysetup-typetree-allocator-block-size=2097152"
    "memorysetup-profiler-bucket-allocator-granularity=16"
    "memorysetup-profiler-bucket-allocator-bucket-count=8"
    "memorysetup-profiler-bucket-allocator-block-size=33554432"
    "memorysetup-profiler-bucket-allocator-block-count=8"
    "memorysetup-profiler-allocator-block-size=16777216"
    "memorysetup-profiler-editor-allocator-block-size=1048576"
    "memorysetup-temp-allocator-size-main=16777216"
    "memorysetup-job-temp-allocator-block-size=2097152"
    "memorysetup-job-temp-allocator-block-size-background=1048576"
    "memorysetup-job-temp-allocator-reduction-small-platforms=262144"
    "memorysetup-temp-allocator-size-background-worker=32768"
    "memorysetup-temp-allocator-size-job-worker=262144"
    "memorysetup-temp-allocator-size-preload-manager=33554432"
    "memorysetup-temp-allocator-size-nav-mesh-worker=65536"
    "memorysetup-temp-allocator-size-audio-worker=65536"
    "memorysetup-temp-allocator-size-cloud-worker=32768"
    "memorysetup-temp-allocator-size-gi-baking-worker=262144"
    "memorysetup-temp-allocator-size-gfx=262144"
Player connection [22784] Host "[IP] 192.168.1.36 [Port] 0 [Flags] 2 [Guid] 3154864748 [EditorId] 3154864748 [Version] 1048832 [Id] WindowsEditor(7,DESKTOP-86JMNER) [Debug] 1 [PackageName] WindowsEditor [ProjectName] Editor" joined multi-casting on [225.0.0.222:54997]...

Player connection [22784] Host "[IP] 192.168.1.36 [Port] 0 [Flags] 2 [Guid] 3154864748 [EditorId] 3154864748 [Version] 1048832 [Id] WindowsEditor(7,DESKTOP-86JMNER) [Debug] 1 [PackageName] WindowsEditor [ProjectName] Editor" joined alternative multi-casting on [225.0.0.222:34997]...

Refreshing native plugins compatible for Editor in 214.82 ms, found 4 plugins.
Preloading 0 native plugins for Editor in 0.00 ms.
Initialize engine version: 2021.3.27f1 (ca3ffb99bcc6)
[Subsystems] Discovering subsystems at path D:/2021.3.27f1/Editor/Data/Resources/UnitySubsystems
[Subsystems] Discovering subsystems at path C:/Users/admin/Documents/GitHub/U-28-Bootcamp/Salusa-Sendacus/Assets
GfxDevice: creating device client; threaded=0; jobified=0
Direct3D:
    Version:  Direct3D 11.0 [level 11.1]
    Renderer: NVIDIA GeForce GTX 1070 (ID=0x1b81)
    Vendor:   NVIDIA
    VRAM:     8081 MB
    Driver:   31.0.15.3179
Initialize mono
Mono path[0] = 'D:/2021.3.27f1/Editor/Data/Managed'
Mono path[1] = 'D:/2021.3.27f1/Editor/Data/MonoBleedingEdge/lib/mono/unityjit-win32'
Mono config path = 'D:/2021.3.27f1/Editor/Data/MonoBleedingEdge/etc'
Using monoOptions --debugger-agent=transport=dt_socket,embedding=1,server=y,suspend=n,address=127.0.0.1:56004
Begin MonoManager ReloadAssembly
Registering precompiled unity dll's ...
Register platform support module: D:/2021.3.27f1/Editor/Data/PlaybackEngines/WebGLSupport/UnityEditor.WebGL.Extensions.dll
Register platform support module: D:/2021.3.27f1/Editor/Data/PlaybackEngines/WindowsStandaloneSupport/UnityEditor.WindowsStandalone.Extensions.dll
Registered in 0.004535 seconds.
Native extension for WindowsStandalone target not found
Native extension for WebGL target not found
Refreshing native plugins compatible for Editor in 204.03 ms, found 4 plugins.
Preloading 0 native plugins for Editor in 0.00 ms.
Mono: successfully reloaded assembly
- Completed reload, in  0.890 seconds
Domain Reload Profiling:
	ReloadAssembly (891ms)
		BeginReloadAssembly (119ms)
			ExecutionOrderSort (0ms)
			DisableScriptedObjects (0ms)
			BackupInstance (0ms)
			ReleaseScriptingObjects (0ms)
			CreateAndSetChildDomain (1ms)
		EndReloadAssembly (655ms)
			LoadAssemblies (118ms)
			RebuildTransferFunctionScriptingTraits (0ms)
			SetupTypeCache (143ms)
			ReleaseScriptCaches (0ms)
			RebuildScriptCaches (31ms)
			SetupLoadedEditorAssemblies (416ms)
				LogAssemblyErrors (0ms)
				InitializePlatformSupportModulesInManaged (9ms)
				SetLoadedEditorAssemblies (0ms)
				RefreshPlugins (204ms)
				BeforeProcessingInitializeOnLoad (2ms)
				ProcessInitializeOnLoadAttributes (143ms)
				ProcessInitializeOnLoadMethodAttributes (58ms)
				AfterProcessingInitializeOnLoad (0ms)
				EditorAssembliesLoaded (0ms)
			ExecutionOrderSort2 (0ms)
			AwakeInstancesAfterBackupRestoration (0ms)
Platform modules already initialized, skipping
Registering precompiled user dll's ...
Registered in 0.018644 seconds.
Begin MonoManager ReloadAssembly
Symbol file LoadedFromMemory doesn't match image C:\Users\admin\Documents\GitHub\U-28-Bootcamp\Salusa-Sendacus\Library\PackageCache\com.unity.visualscripting@1.8.0\Editor\VisualScripting.Core\Dependencies\YamlDotNet\Unity.VisualScripting.YamlDotNet.dll
Symbol file LoadedFromMemory doesn't match image C:\Users\admin\Documents\GitHub\U-28-Bootcamp\Salusa-Sendacus\Library\PackageCache\com.unity.visualscripting@1.8.0\Editor\VisualScripting.Core\Dependencies\DotNetZip\Unity.VisualScripting.IonicZip.dll
Native extension for WindowsStandalone target not found
Native extension for WebGL target not found
Refreshing native plugins compatible for Editor in 218.33 ms, found 4 plugins.
Preloading 0 native plugins for Editor in 0.00 ms.
Mono: successfully reloaded assembly
- Completed reload, in  2.162 seconds
Domain Reload Profiling:
	ReloadAssembly (2163ms)
		BeginReloadAssembly (156ms)
			ExecutionOrderSort (0ms)
			DisableScriptedObjects (8ms)
			BackupInstance (0ms)
			ReleaseScriptingObjects (0ms)
			CreateAndSetChildDomain (22ms)
		EndReloadAssembly (1864ms)
			LoadAssemblies (165ms)
			RebuildTransferFunctionScriptingTraits (0ms)
			SetupTypeCache (443ms)
			ReleaseScriptCaches (1ms)
			RebuildScriptCaches (131ms)
			SetupLoadedEditorAssemblies (1077ms)
				LogAssemblyErrors (0ms)
				InitializePlatformSupportModulesInManaged (5ms)
				SetLoadedEditorAssemblies (0ms)
				RefreshPlugins (218ms)
				BeforeProcessingInitializeOnLoad (191ms)
				ProcessInitializeOnLoadAttributes (563ms)
				ProcessInitializeOnLoadMethodAttributes (96ms)
				AfterProcessingInitializeOnLoad (4ms)
				EditorAssembliesLoaded (0ms)
			ExecutionOrderSort2 (0ms)
			AwakeInstancesAfterBackupRestoration (8ms)
Platform modules already initialized, skipping
========================================================================
Worker process is ready to serve import requests
Launched and connected shader compiler UnityShaderCompiler.exe after 0.13 seconds
Refreshing native plugins compatible for Editor in 1.70 ms, found 4 plugins.
Preloading 0 native plugins for Editor in 0.00 ms.
Unloading 7314 Unused Serialized files (Serialized files now loaded: 0)
Unloading 170 unused Assets / (12.7 MB). Loaded Objects now: 7676.
Memory consumption went from 360.8 MB to 348.1 MB.
Total: 7.288900 ms (FindLiveObjects: 0.684200 ms CreateObjectMapping: 0.220500 ms MarkObjects: 3.733300 ms  DeleteObjects: 2.649400 ms)

AssetImportParameters requested are different than current active one (requested -> active):
  custom:video-decoder-ogg-theora: a1e56fd34408186e4bbccfd4996cb3dc -> 
  custom:container-muxer-webm: aa71ff27fc2769a1b78a27578f13a17b -> 
  custom:container-demuxer-webm: 4f35f7cbe854078d1ac9338744f61a02 -> 
  custom:video-encoder-webm-vp8: eb34c28f22e8b96e1ab97ce403110664 -> 
  custom:audio-encoder-webm-vorbis: bf7c407c2cedff20999df2af8eb42d56 -> 
  custom:framework-win-MediaFoundation: 216162199b28c13a410421893ffa2e32 -> 
  custom:container-demuxer-ogg: 62fdf1f143b41e24485cea50d1cbac27 -> 
  custom:video-decoder-webm-vp8: 9c59270c3fd7afecdb556c50c9e8de78 -> 
  custom:audio-decoder-ogg-vorbis: bf7c407c2cedff20999df2af8eb42d56 -> 
========================================================================
Received Import Request.
  Time since last request: 3230.377719 seconds.
  path: Assets/El Yapımı Yapılar/Köy
  artifactKey: Guid(2516b284b86a762499a1c3cd2e64d3d0) Importer(815301076,1909f56bfc062723c751e8b465ee728b)
Start importing Assets/El Yapımı Yapılar/Köy using Guid(2516b284b86a762499a1c3cd2e64d3d0) Importer(815301076,1909f56bfc062723c751e8b465ee728b)  -> (artifact id: '5499272095fbccc602a16b2bc8687f1a') in 0.016575 seconds 
========================================================================
Received Import Request.
  Time since last request: 42.145977 seconds.
  path: Assets/El Yapımı Yapılar/Köy/Çit.obj
  artifactKey: Guid(0cb4f10f8e0e59f45a4960eab96e7df8) Importer(815301076,1909f56bfc062723c751e8b465ee728b)
Start importing Assets/El Yapımı Yapılar/Köy/Çit.obj using Guid(0cb4f10f8e0e59f45a4960eab96e7df8) Importer(815301076,1909f56bfc062723c751e8b465ee728b)  -> (artifact id: '3ade6125f02afdf694d6e6be1ed78fee') in 0.090025 seconds 
========================================================================
Received Import Request.
  Time since last request: 3.331525 seconds.
  path: Assets/El Yapımı Yapılar/Köy/Çit.obj
  artifactKey: Guid(0cb4f10f8e0e59f45a4960eab96e7df8) Importer(815301076,1909f56bfc062723c751e8b465ee728b)
Start importing Assets/El Yapımı Yapılar/Köy/Çit.obj using Guid(0cb4f10f8e0e59f45a4960eab96e7df8) Importer(815301076,1909f56bfc062723c751e8b465ee728b)  -> (artifact id: '1f615147d34037e598e756cb41488f3b') in 0.006941 seconds 
========================================================================
Received Import Request.
  Time since last request: 43.079466 seconds.
  path: Assets/El Yapımı Yapılar/Köy/Çit.obj
  artifactKey: Guid(0cb4f10f8e0e59f45a4960eab96e7df8) Importer(815301076,1909f56bfc062723c751e8b465ee728b)
Start importing Assets/El Yapımı Yapılar/Köy/Çit.obj using Guid(0cb4f10f8e0e59f45a4960eab96e7df8) Importer(815301076,1909f56bfc062723c751e8b465ee728b)  -> (artifact id: '9c3e2e8bfe2dff9ae22ecbfd670079fb') in 0.005322 seconds 
========================================================================
Received Import Request.
  Time since last request: 8.473542 seconds.
  path: Assets/El Yapımı Yapılar/Köy/Çit.obj
  artifactKey: Guid(0cb4f10f8e0e59f45a4960eab96e7df8) Importer(815301076,1909f56bfc062723c751e8b465ee728b)
Start importing Assets/El Yapımı Yapılar/Köy/Çit.obj using Guid(0cb4f10f8e0e59f45a4960eab96e7df8) Importer(815301076,1909f56bfc062723c751e8b465ee728b)  -> (artifact id: 'e502a49df5dee0aaa252c2be18278ddd') in 0.004557 seconds 
========================================================================
Received Import Request.
  Time since last request: 100.326598 seconds.
  path: Assets/El Yapımı Yapılar/Köy/Materials/defaultMat.mat
  artifactKey: Guid(a3f73717fc74a074a89a44828abfdb9b) Importer(815301076,1909f56bfc062723c751e8b465ee728b)
Start importing Assets/El Yapımı Yapılar/Köy/Materials/defaultMat.mat using Guid(a3f73717fc74a074a89a44828abfdb9b) Importer(815301076,1909f56bfc062723c751e8b465ee728b)  -> (artifact id: 'eb9fd2ab8a3dde1b95b7d998c113efd1') in 0.017150 seconds 
========================================================================
Received Import Request.
  Time since last request: 2.928390 seconds.
  path: Assets/StarterAssets/Environment/Art/Materials/GreyBlue_Mat.mat
  artifactKey: Guid(6b911390c5825014e8377183a7837d3f) Importer(815301076,1909f56bfc062723c751e8b465ee728b)
Start importing Assets/StarterAssets/Environment/Art/Materials/GreyBlue_Mat.mat using Guid(6b911390c5825014e8377183a7837d3f) Importer(815301076,1909f56bfc062723c751e8b465ee728b)  -> (artifact id: '46471b01a7ae8bc53003b46f3da42664') in 0.004582 seconds 
========================================================================
Received Import Request.
  Time since last request: 0.000022 seconds.
  path: Assets/VolumetricLines/BuiltInRenderPipeline/Materials/LineStrip-TextureAlphaBlended.mat
  artifactKey: Guid(73ac99f5639fbab4c8b6fff041c809eb) Importer(815301076,1909f56bfc062723c751e8b465ee728b)
Start importing Assets/VolumetricLines/BuiltInRenderPipeline/Materials/LineStrip-TextureAlphaBlended.mat using Guid(73ac99f5639fbab4c8b6fff041c809eb) Importer(815301076,1909f56bfc062723c751e8b465ee728b)  -> (artifact id: '559edf2e1dea02d53f533c0752d134cb') in 0.004207 seconds 
========================================================================
Received Import Request.
  Time since last request: 0.000022 seconds.
  path: Assets/VolumetricLines/BuiltInRenderPipeline/Materials/SingleLine-TextureAlphaBlended.mat
  artifactKey: Guid(c2f5e14f38f19af489f3030b136c8f1d) Importer(815301076,1909f56bfc062723c751e8b465ee728b)
Start importing Assets/VolumetricLines/BuiltInRenderPipeline/Materials/SingleLine-TextureAlphaBlended.mat using Guid(c2f5e14f38f19af489f3030b136c8f1d) Importer(815301076,1909f56bfc062723c751e8b465ee728b)  -> (artifact id: '186b37d13e01823dab4b5176902fbc12') in 0.004172 seconds 
========================================================================
Received Import Request.
  Time since last request: 0.699855 seconds.
  path: Assets/TerrainSampleAssets/Materials/BushDry.asset
  artifactKey: Guid(238ad6ea99d845f498c3a2334f75358a) Importer(815301076,1909f56bfc062723c751e8b465ee728b)
Start importing Assets/TerrainSampleAssets/Materials/BushDry.asset using Guid(238ad6ea99d845f498c3a2334f75358a) Importer(815301076,1909f56bfc062723c751e8b465ee728b)  -> (artifact id: '23d8334b902a2ca096df38eaa687ca9e') in 0.017046 seconds 
========================================================================
Received Import Request.
  Time since last request: 6.485369 seconds.
  path: Assets/Materials/Cube003.mat
  artifactKey: Guid(f3cdfcaf13033d344ba13bb971a85fcb) Importer(815301076,1909f56bfc062723c751e8b465ee728b)
Start importing Assets/Materials/Cube003.mat using Guid(f3cdfcaf13033d344ba13bb971a85fcb) Importer(815301076,1909f56bfc062723c751e8b465ee728b)  -> (artifact id: '26c41ef57c6e6d071d9349660f0c3c48') in 0.018010 seconds 
========================================================================
Received Prepare
Registering precompiled user dll's ...
Registered in 0.017862 seconds.
Begin MonoManager ReloadAssembly
Symbol file LoadedFromMemory doesn't match image C:\Users\admin\Documents\GitHub\U-28-Bootcamp\Salusa-Sendacus\Library\PackageCache\com.unity.visualscripting@1.8.0\Editor\VisualScripting.Core\Dependencies\YamlDotNet\Unity.VisualScripting.YamlDotNet.dll
Symbol file LoadedFromMemory doesn't match image C:\Users\admin\Documents\GitHub\U-28-Bootcamp\Salusa-Sendacus\Library\PackageCache\com.unity.visualscripting@1.8.0\Editor\VisualScripting.Core\Dependencies\DotNetZip\Unity.VisualScripting.IonicZip.dll
Native extension for WindowsStandalone target not found
Native extension for WebGL target not found
Refreshing native plugins compatible for Editor in 1.47 ms, found 4 plugins.
Preloading 0 native plugins for Editor in 0.00 ms.
Error saving file Library/StateCache/LayerSettings/9e/9ecc5c3c162a7aba29bafa64c8b94b7c.json. Error: System.IO.IOException: Sharing violation on path C:\Users\admin\Documents\GitHub\U-28-Bootcamp\Salusa-Sendacus\Library\StateCache\LayerSettings\9e\9ecc5c3c162a7aba29bafa64c8b94b7c.json
  at System.IO.FileStream..ctor (System.String path, System.IO.FileMode mode, System.IO.FileAccess access, System.IO.FileShare share, System.Int32 bufferSize, System.Boolean anonymous, System.IO.FileOptions options) [0x0019e] in <1c8569827291471e9db0dcd976e97952>:0 
  at System.IO.FileStream..ctor (System.String path, System.IO.FileMode mode, System.IO.FileAccess access, System.IO.FileShare share, System.Int32 bufferSize, System.IO.FileOptions options) [0x00000] in <1c8569827291471e9db0dcd976e97952>:0 
  at (wrapper remoting-invoke-with-check) System.IO.FileStream..ctor(string,System.IO.FileMode,System.IO.FileAccess,System.IO.FileShare,int,System.IO.FileOptions)
  at System.IO.StreamWriter..ctor (System.String path, System.Boolean append, System.Text.Encoding encoding, System.Int32 bufferSize) [0x00055] in <1c8569827291471e9db0dcd976e97952>:0 
  at System.IO.StreamWriter..ctor (System.String path, System.Boolean append, System.Text.Encoding encoding) [0x00000] in <1c8569827291471e9db0dcd976e97952>:0 
  at (wrapper remoting-invoke-with-check) System.IO.StreamWriter..ctor(string,bool,System.Text.Encoding)
  at System.IO.File.WriteAllText (System.String path, System.String contents, System.Text.Encoding encoding) [0x00034] in <1c8569827291471e9db0dcd976e97952>:0 
  at UnityEditor.StateCache`1[T].SetState (UnityEngine.Hash128 key, T obj) [0x0004b] in <a53e7cd0bf8c4035ac3e78fb7b43c4a6>:0 
UnityEngine.StackTraceUtility:ExtractStackTrace ()
UnityEngine.DebugLogHandler:LogFormat (UnityEngine.LogType,UnityEngine.Object,string,object[])
UnityEngine.Logger:Log (UnityEngine.LogType,object)
UnityEngine.Debug:LogError (object)
UnityEditor.StateCache`1<UnityEditor.Tools/LayerSettings>:SetState (UnityEngine.Hash128,UnityEditor.Tools/LayerSettings)
UnityEditor.Tools:set_lockedLayers (int)
UnityEditor.Tools:OnEnable ()
UnityEngine.ScriptableObject:CreateInstance (System.Type)
UnityEngine.ScriptableObject:CreateInstance<UnityEditor.Tools> ()
UnityEditor.Tools:get_get ()
UnityEditor.Tools:get_visibleLayers ()
UnityEditor.Animations.Rigging.BoneRendererUtils:.cctor () (at Library/PackageCache/com.unity.animation.rigging@1.2.1/Editor/Utils/BoneRendererUtils.cs:121)
System.Runtime.CompilerServices.RuntimeHelpers:RunClassConstructor (System.RuntimeTypeHandle)
UnityEditor.EditorAssemblies:ProcessInitializeOnLoadAttributes (System.Type[])

(Filename: Library/PackageCache/com.unity.animation.rigging@1.2.1/Editor/Utils/BoneRendererUtils.cs Line: 121)

Mono: successfully reloaded assembly
- Completed reload, in  1.694 seconds
Domain Reload Profiling:
	ReloadAssembly (1695ms)
		BeginReloadAssembly (187ms)
			ExecutionOrderSort (0ms)
			DisableScriptedObjects (6ms)
			BackupInstance (0ms)
			ReleaseScriptingObjects (0ms)
			CreateAndSetChildDomain (49ms)
		EndReloadAssembly (1374ms)
			LoadAssemblies (156ms)
			RebuildTransferFunctionScriptingTraits (0ms)
			SetupTypeCache (410ms)
			ReleaseScriptCaches (3ms)
			RebuildScriptCaches (92ms)
			SetupLoadedEditorAssemblies (651ms)
				LogAssemblyErrors (0ms)
				InitializePlatformSupportModulesInManaged (6ms)
				SetLoadedEditorAssemblies (1ms)
				RefreshPlugins (2ms)
				BeforeProcessingInitializeOnLoad (149ms)
				ProcessInitializeOnLoadAttributes (448ms)
				ProcessInitializeOnLoadMethodAttributes (41ms)
				AfterProcessingInitializeOnLoad (4ms)
				EditorAssembliesLoaded (0ms)
			ExecutionOrderSort2 (0ms)
			AwakeInstancesAfterBackupRestoration (14ms)
Platform modules already initialized, skipping
Refreshing native plugins compatible for Editor in 5.26 ms, found 4 plugins.
Preloading 0 native plugins for Editor in 0.00 ms.
Unloading 7031 Unused Serialized files (Serialized files now loaded: 0)
Unloading 149 unused Assets / (12.7 MB). Loaded Objects now: 7693.
Memory consumption went from 335.0 MB to 322.4 MB.
Total: 6.824600 ms (FindLiveObjects: 0.584500 ms CreateObjectMapping: 0.202600 ms MarkObjects: 3.494400 ms  DeleteObjects: 2.541900 ms)

AssetImportParameters requested are different than current active one (requested -> active):
  custom:video-decoder-ogg-theora: a1e56fd34408186e4bbccfd4996cb3dc -> 
  custom:container-muxer-webm: aa71ff27fc2769a1b78a27578f13a17b -> 
  custom:container-demuxer-webm: 4f35f7cbe854078d1ac9338744f61a02 -> 
  custom:video-encoder-webm-vp8: eb34c28f22e8b96e1ab97ce403110664 -> 
  custom:audio-encoder-webm-vorbis: bf7c407c2cedff20999df2af8eb42d56 -> 
  custom:framework-win-MediaFoundation: 216162199b28c13a410421893ffa2e32 -> 
  custom:container-demuxer-ogg: 62fdf1f143b41e24485cea50d1cbac27 -> 
  custom:video-decoder-webm-vp8: 9c59270c3fd7afecdb556c50c9e8de78 -> 
  custom:audio-decoder-ogg-vorbis: bf7c407c2cedff20999df2af8eb42d56 -> 
========================================================================
Received Import Request.
  Time since last request: 847.372893 seconds.
  path: Assets/El Yapımı Yapılar/Köy/Materials/defaultMat.mat
  artifactKey: Guid(a3f73717fc74a074a89a44828abfdb9b) Importer(815301076,1909f56bfc062723c751e8b465ee728b)
Start importing Assets/El Yapımı Yapılar/Köy/Materials/defaultMat.mat using Guid(a3f73717fc74a074a89a44828abfdb9b) Importer(815301076,1909f56bfc062723c751e8b465ee728b)  -> (artifact id: 'f1322e1a28e8ac739d8d3db637225884') in 0.035345 seconds 
========================================================================
Received Prepare
Registering precompiled user dll's ...
Registered in 0.018385 seconds.
Begin MonoManager ReloadAssembly
Symbol file LoadedFromMemory doesn't match image C:\Users\admin\Documents\GitHub\U-28-Bootcamp\Salusa-Sendacus\Library\PackageCache\com.unity.visualscripting@1.8.0\Editor\VisualScripting.Core\Dependencies\YamlDotNet\Unity.VisualScripting.YamlDotNet.dll
Symbol file LoadedFromMemory doesn't match image C:\Users\admin\Documents\GitHub\U-28-Bootcamp\Salusa-Sendacus\Library\PackageCache\com.unity.visualscripting@1.8.0\Editor\VisualScripting.Core\Dependencies\DotNetZip\Unity.VisualScripting.IonicZip.dll
Native extension for WindowsStandalone target not found
Native extension for WebGL target not found
Refreshing native plugins compatible for Editor in 1.44 ms, found 4 plugins.
Preloading 0 native plugins for Editor in 0.00 ms.
Mono: successfully reloaded assembly
- Completed reload, in  1.681 seconds
Domain Reload Profiling:
	ReloadAssembly (1682ms)
		BeginReloadAssembly (196ms)
			ExecutionOrderSort (0ms)
			DisableScriptedObjects (7ms)
			BackupInstance (0ms)
			ReleaseScriptingObjects (0ms)
			CreateAndSetChildDomain (54ms)
		EndReloadAssembly (1364ms)
			LoadAssemblies (160ms)
			RebuildTransferFunctionScriptingTraits (0ms)
			SetupTypeCache (410ms)
			ReleaseScriptCaches (2ms)
			RebuildScriptCaches (95ms)
			SetupLoadedEditorAssemblies (630ms)
				LogAssemblyErrors (0ms)
				InitializePlatformSupportModulesInManaged (6ms)
				SetLoadedEditorAssemblies (1ms)
				RefreshPlugins (2ms)
				BeforeProcessingInitializeOnLoad (144ms)
				ProcessInitializeOnLoadAttributes (434ms)
				ProcessInitializeOnLoadMethodAttributes (39ms)
				AfterProcessingInitializeOnLoad (4ms)
				EditorAssembliesLoaded (0ms)
			ExecutionOrderSort2 (0ms)
			AwakeInstancesAfterBackupRestoration (13ms)
Platform modules already initialized, skipping
Refreshing native plugins compatible for Editor in 7.85 ms, found 4 plugins.
Preloading 0 native plugins for Editor in 0.00 ms.
Unloading 7031 Unused Serialized files (Serialized files now loaded: 0)
Unloading 149 unused Assets / (12.7 MB). Loaded Objects now: 7709.
Memory consumption went from 335.1 MB to 322.4 MB.
Total: 10.377300 ms (FindLiveObjects: 0.914200 ms CreateObjectMapping: 0.412000 ms MarkObjects: 4.537100 ms  DeleteObjects: 4.512000 ms)

AssetImportParameters requested are different than current active one (requested -> active):
  custom:video-decoder-ogg-theora: a1e56fd34408186e4bbccfd4996cb3dc -> 
  custom:container-muxer-webm: aa71ff27fc2769a1b78a27578f13a17b -> 
  custom:container-demuxer-webm: 4f35f7cbe854078d1ac9338744f61a02 -> 
  custom:video-encoder-webm-vp8: eb34c28f22e8b96e1ab97ce403110664 -> 
  custom:audio-encoder-webm-vorbis: bf7c407c2cedff20999df2af8eb42d56 -> 
  custom:framework-win-MediaFoundation: 216162199b28c13a410421893ffa2e32 -> 
  custom:container-demuxer-ogg: 62fdf1f143b41e24485cea50d1cbac27 -> 
  custom:video-decoder-webm-vp8: 9c59270c3fd7afecdb556c50c9e8de78 -> 
  custom:audio-decoder-ogg-vorbis: bf7c407c2cedff20999df2af8eb42d56 -> 
========================================================================
Received Import Request.
  Time since last request: 309.267605 seconds.
  path: Assets/El Yapımı Yapılar/Köy/Çit.obj
  artifactKey: Guid(0cb4f10f8e0e59f45a4960eab96e7df8) Importer(815301076,1909f56bfc062723c751e8b465ee728b)
Start importing Assets/El Yapımı Yapılar/Köy/Çit.obj using Guid(0cb4f10f8e0e59f45a4960eab96e7df8) Importer(815301076,1909f56bfc062723c751e8b465ee728b)  -> (artifact id: '6aff908d507af2d2d4f985d344a4be99') in 0.018951 seconds 
========================================================================
Received Import Request.
  Time since last request: 13.432712 seconds.
  path: Assets/El Yapımı Yapılar/Köy/Çit.obj
  artifactKey: Guid(0cb4f10f8e0e59f45a4960eab96e7df8) Importer(815301076,1909f56bfc062723c751e8b465ee728b)
Start importing Assets/El Yapımı Yapılar/Köy/Çit.obj using Guid(0cb4f10f8e0e59f45a4960eab96e7df8) Importer(815301076,1909f56bfc062723c751e8b465ee728b)  -> (artifact id: 'f22a69b6409cb5f9d465b332d5f8c16c') in 0.003893 seconds 
========================================================================
Received Prepare
Registering precompiled user dll's ...
Registered in 0.018507 seconds.
Begin MonoManager ReloadAssembly
Symbol file LoadedFromMemory doesn't match image C:\Users\admin\Documents\GitHub\U-28-Bootcamp\Salusa-Sendacus\Library\PackageCache\com.unity.visualscripting@1.8.0\Editor\VisualScripting.Core\Dependencies\YamlDotNet\Unity.VisualScripting.YamlDotNet.dll
Symbol file LoadedFromMemory doesn't match image C:\Users\admin\Documents\GitHub\U-28-Bootcamp\Salusa-Sendacus\Library\PackageCache\com.unity.visualscripting@1.8.0\Editor\VisualScripting.Core\Dependencies\DotNetZip\Unity.VisualScripting.IonicZip.dll
Native extension for WindowsStandalone target not found
Native extension for WebGL target not found
Refreshing native plugins compatible for Editor in 1.64 ms, found 4 plugins.
Preloading 0 native plugins for Editor in 0.00 ms.
Mono: successfully reloaded assembly
- Completed reload, in  1.664 seconds
Domain Reload Profiling:
	ReloadAssembly (1665ms)
		BeginReloadAssembly (180ms)
			ExecutionOrderSort (0ms)
			DisableScriptedObjects (7ms)
			BackupInstance (0ms)
			ReleaseScriptingObjects (0ms)
			CreateAndSetChildDomain (49ms)
		EndReloadAssembly (1360ms)
			LoadAssemblies (149ms)
			RebuildTransferFunctionScriptingTraits (0ms)
			SetupTypeCache (404ms)
			ReleaseScriptCaches (4ms)
			RebuildScriptCaches (93ms)
			SetupLoadedEditorAssemblies (643ms)
				LogAssemblyErrors (0ms)
				InitializePlatformSupportModulesInManaged (6ms)
				SetLoadedEditorAssemblies (1ms)
				RefreshPlugins (2ms)
				BeforeProcessingInitializeOnLoad (144ms)
				ProcessInitializeOnLoadAttributes (449ms)
				ProcessInitializeOnLoadMethodAttributes (37ms)
				AfterProcessingInitializeOnLoad (4ms)
				EditorAssembliesLoaded (0ms)
			ExecutionOrderSort2 (0ms)
			AwakeInstancesAfterBackupRestoration (13ms)
Platform modules already initialized, skipping
Refreshing native plugins compatible for Editor in 5.20 ms, found 4 plugins.
Preloading 0 native plugins for Editor in 0.00 ms.
Unloading 7031 Unused Serialized files (Serialized files now loaded: 0)
Unloading 149 unused Assets / (12.7 MB). Loaded Objects now: 7725.
Memory consumption went from 335.1 MB to 322.4 MB.
Total: 10.047200 ms (FindLiveObjects: 0.698000 ms CreateObjectMapping: 0.228800 ms MarkObjects: 4.137400 ms  DeleteObjects: 4.981600 ms)

AssetImportParameters requested are different than current active one (requested -> active):
  custom:video-decoder-ogg-theora: a1e56fd34408186e4bbccfd4996cb3dc -> 
  custom:container-muxer-webm: aa71ff27fc2769a1b78a27578f13a17b -> 
  custom:container-demuxer-webm: 4f35f7cbe854078d1ac9338744f61a02 -> 
  custom:video-encoder-webm-vp8: eb34c28f22e8b96e1ab97ce403110664 -> 
  custom:audio-encoder-webm-vorbis: bf7c407c2cedff20999df2af8eb42d56 -> 
  custom:framework-win-MediaFoundation: 216162199b28c13a410421893ffa2e32 -> 
  custom:container-demuxer-ogg: 62fdf1f143b41e24485cea50d1cbac27 -> 
  custom:video-decoder-webm-vp8: 9c59270c3fd7afecdb556c50c9e8de78 -> 
  custom:audio-decoder-ogg-vorbis: bf7c407c2cedff20999df2af8eb42d56 -> 
========================================================================
Received Import Request.
  Time since last request: 375.339524 seconds.
  path: Assets/Stylized Plants Kit
  artifactKey: Guid(cc28dd9356a34a94eba11d11f4d78dd6) Importer(815301076,1909f56bfc062723c751e8b465ee728b)
Start importing Assets/Stylized Plants Kit using Guid(cc28dd9356a34a94eba11d11f4d78dd6) Importer(815301076,1909f56bfc062723c751e8b465ee728b)  -> (artifact id: '097963fcc9cfd268aa7d7d9c57dd7fd4') in 0.016249 seconds 
========================================================================
Received Import Request.
  Time since last request: 3.156341 seconds.
  path: Assets/Stylized Plants Kit/Prefabs
  artifactKey: Guid(6cb4a8c3b6d499b408aaba5f28edee1a) Importer(815301076,1909f56bfc062723c751e8b465ee728b)
Start importing Assets/Stylized Plants Kit/Prefabs using Guid(6cb4a8c3b6d499b408aaba5f28edee1a) Importer(815301076,1909f56bfc062723c751e8b465ee728b)  -> (artifact id: '5601f8a1e7b8989b2517cb139138d144') in 0.002983 seconds 
========================================================================
Received Import Request.
  Time since last request: 136.917807 seconds.
  path: Assets/polygonTrees/polygonTrees/prefabs/shrubs/bigLeavesShrubs Variant.prefab
  artifactKey: Guid(6bbaea1be78b8d02d852cd83ce21cd94) Importer(815301076,1909f56bfc062723c751e8b465ee728b)
Start importing Assets/polygonTrees/polygonTrees/prefabs/shrubs/bigLeavesShrubs Variant.prefab using Guid(6bbaea1be78b8d02d852cd83ce21cd94) Importer(815301076,1909f56bfc062723c751e8b465ee728b)  -> (artifact id: 'cab97fc799f63748ab4f0ce5927e6293') in 0.013631 seconds 
========================================================================
Received Import Request.
  Time since last request: 0.000025 seconds.
  path: Assets/polygonTrees/polygonTrees/prefabs/shrubs/meshCollider/bigLeavesShrubs Variant.prefab
  artifactKey: Guid(496e28cd48ebe93fab14274b00820b68) Importer(815301076,1909f56bfc062723c751e8b465ee728b)
Start importing Assets/polygonTrees/polygonTrees/prefabs/shrubs/meshCollider/bigLeavesShrubs Variant.prefab using Guid(496e28cd48ebe93fab14274b00820b68) Importer(815301076,1909f56bfc062723c751e8b465ee728b)  -> (artifact id: '10bdc407eeab3b806d0d327b852de9e5') in 0.005938 seconds 
========================================================================
Received Import Request.
  Time since last request: 5.750980 seconds.
  path: Assets/polygonTrees/polygonTrees/prefabs/tree/DryTrees/drySimpleTree Variant.prefab
  artifactKey: Guid(6cc76445391501dda8ef9608919e7449) Importer(815301076,1909f56bfc062723c751e8b465ee728b)
Start importing Assets/polygonTrees/polygonTrees/prefabs/tree/DryTrees/drySimpleTree Variant.prefab using Guid(6cc76445391501dda8ef9608919e7449) Importer(815301076,1909f56bfc062723c751e8b465ee728b)  -> (artifact id: '3d655cb09b199fa4aa4dbd25826508af') in 0.021780 seconds 
========================================================================
Received Import Request.
  Time since last request: 0.730122 seconds.
  path: Assets/Stylized Plants Kit/Models/Mushroom 1.fbx
  artifactKey: Guid(0a89e56b6df24824b9021e0be58c2541) Importer(815301076,1909f56bfc062723c751e8b465ee728b)
Start importing Assets/Stylized Plants Kit/Models/Mushroom 1.fbx using Guid(0a89e56b6df24824b9021e0be58c2541) Importer(815301076,1909f56bfc062723c751e8b465ee728b)  -> (artifact id: '0837da049dd1f4baa4fcfac380c23a8f') in 0.023215 seconds 
========================================================================
Received Import Request.
  Time since last request: 160.762351 seconds.
  path: Assets/Stylized Plants Kit/Textures/Plants_Diffuse.tga
  artifactKey: Guid(7faa1cbfcb16e444eb62d5918c0213df) Importer(815301076,1909f56bfc062723c751e8b465ee728b)
Start importing Assets/Stylized Plants Kit/Textures/Plants_Diffuse.tga using Guid(7faa1cbfcb16e444eb62d5918c0213df) Importer(815301076,1909f56bfc062723c751e8b465ee728b)  -> (artifact id: '207ae191cefdb27f3c933e03862b2276') in 0.055983 seconds 
========================================================================
Received Import Request.
  Time since last request: 29.665811 seconds.
  path: Assets/Stylized Plants Kit/Prefabs/Mushroom 2.prefab
  artifactKey: Guid(9d47ced64b1eb334dbd73e6bd7f84205) Importer(815301076,1909f56bfc062723c751e8b465ee728b)
Start importing Assets/Stylized Plants Kit/Prefabs/Mushroom 2.prefab using Guid(9d47ced64b1eb334dbd73e6bd7f84205) Importer(815301076,1909f56bfc062723c751e8b465ee728b)  -> (artifact id: '6b54df4f0a35fb74feddbde1b3aeea88') in 0.004639 seconds 
========================================================================
Received Import Request.
  Time since last request: 3.031164 seconds.
  path: Assets/Stylized Plants Kit/Prefabs/Mushroom 2.prefab
  artifactKey: Guid(9d47ced64b1eb334dbd73e6bd7f84205) Importer(815301076,1909f56bfc062723c751e8b465ee728b)
Start importing Assets/Stylized Plants Kit/Prefabs/Mushroom 2.prefab using Guid(9d47ced64b1eb334dbd73e6bd7f84205) Importer(815301076,1909f56bfc062723c751e8b465ee728b)  -> (artifact id: '0988f61cddaf3d1b6c3f20d9100c7f25') in 0.004558 seconds 
========================================================================
Received Import Request.
  Time since last request: 1.820267 seconds.
  path: Assets/Stylized Plants Kit/Prefabs/Mushroom 2.prefab
  artifactKey: Guid(9d47ced64b1eb334dbd73e6bd7f84205) Importer(815301076,1909f56bfc062723c751e8b465ee728b)
Start importing Assets/Stylized Plants Kit/Prefabs/Mushroom 2.prefab using Guid(9d47ced64b1eb334dbd73e6bd7f84205) Importer(815301076,1909f56bfc062723c751e8b465ee728b)  -> (artifact id: '7ee655ee07c95eb09384abc14225569c') in 0.003743 seconds 
========================================================================
Received Import Request.
  Time since last request: 35.747942 seconds.
  path: Assets/Stylized Plants Kit/Textures/Cliff_Diffuse_3.tga
  artifactKey: Guid(4af2b685486c5974caccef17c1c99b81) Importer(815301076,1909f56bfc062723c751e8b465ee728b)
Start importing Assets/Stylized Plants Kit/Textures/Cliff_Diffuse_3.tga using Guid(4af2b685486c5974caccef17c1c99b81) Importer(815301076,1909f56bfc062723c751e8b465ee728b)  -> (artifact id: '84d51a861cae23979a4b5f78120d65d1') in 0.007534 seconds 
========================================================================
Received Import Request.
  Time since last request: 0.000027 seconds.
  path: Assets/Stylized Plants Kit/Textures/Ground_Normal_5.tga
  artifactKey: Guid(43766de8f7544cc4291f003ed5c4afa3) Importer(815301076,1909f56bfc062723c751e8b465ee728b)
Start importing Assets/Stylized Plants Kit/Textures/Ground_Normal_5.tga using Guid(43766de8f7544cc4291f003ed5c4afa3) Importer(815301076,1909f56bfc062723c751e8b465ee728b)  -> (artifact id: 'c9b6143f96ea65935759f36454a82d89') in 0.006363 seconds 
========================================================================
Received Import Request.
  Time since last request: 0.000021 seconds.
  path: Assets/Stylized Plants Kit/Textures/Ground_Normal_4.tga
  artifactKey: Guid(d91c56dcc806ebc458ab1f936794edcd) Importer(815301076,1909f56bfc062723c751e8b465ee728b)
Start importing Assets/Stylized Plants Kit/Textures/Ground_Normal_4.tga using Guid(d91c56dcc806ebc458ab1f936794edcd) Importer(815301076,1909f56bfc062723c751e8b465ee728b)  -> (artifact id: '049dc92b30524abc0f68ac3269799f21') in 0.006172 seconds 
========================================================================
Received Import Request.
  Time since last request: 0.000028 seconds.
  path: Assets/Stylized Plants Kit/Textures/Ground_Diffuse_4.tga
  artifactKey: Guid(2073a88f83f40f6498b9dc9ac4e9168d) Importer(815301076,1909f56bfc062723c751e8b465ee728b)
Start importing Assets/Stylized Plants Kit/Textures/Ground_Diffuse_4.tga using Guid(2073a88f83f40f6498b9dc9ac4e9168d) Importer(815301076,1909f56bfc062723c751e8b465ee728b)  -> (artifact id: '4a1ee9c632fe051a0bc864276c91848b') in 0.005461 seconds 
