Using pre-set license
Built from '2021.3/release' branch; Version is '2021.3.27f1 (ca3ffb99bcc6) revision 13254651'; Using compiler version '192829333'; Build Type 'Release'
OS: 'Windows 11  (10.0.22621) 64bit CoreSingleLanguage' Language: 'tr' Physical Memory: 16263 MB
BatchMode: 1, IsHumanControllingUs: 0, StartBugReporterOnCrash: 0, Is64bit: 1, IsPro: 1

COMMAND LINE ARGUMENTS:
C:\Program Files\Unity\Hub\Editor\2021.3.27f1\Editor\Unity.exe
-adb2
-batchMode
-noUpm
-name
AssetImportWorker1
-projectPath
D:/_BOOTCAMP/u-28/U-28-Bootcamp/Salusa-Sendacus
-logFile
Logs/AssetImportWorker1.log
-srvPort
61827
Successfully changed project path to: D:/_BOOTCAMP/u-28/U-28-Bootcamp/Salusa-Sendacus
D:/_BOOTCAMP/u-28/U-28-Bootcamp/Salusa-Sendacus
[UnityMemory] Configuration Parameters - Can be set up in boot.config
    "memorysetup-bucket-allocator-granularity=16"
    "memorysetup-bucket-allocator-bucket-count=8"
    "memorysetup-bucket-allocator-block-size=33554432"
    "memorysetup-bucket-allocator-block-count=8"
    "memorysetup-main-allocator-block-size=16777216"
    "memorysetup-thread-allocator-block-size=16777216"
    "memorysetup-gfx-main-allocator-block-size=16777216"
    "memorysetup-gfx-thread-allocator-block-size=16777216"
    "memorysetup-cache-allocator-block-size=4194304"
    "memorysetup-typetree-allocator-block-size=2097152"
    "memorysetup-profiler-bucket-allocator-granularity=16"
    "memorysetup-profiler-bucket-allocator-bucket-count=8"
    "memorysetup-profiler-bucket-allocator-block-size=33554432"
    "memorysetup-profiler-bucket-allocator-block-count=8"
    "memorysetup-profiler-allocator-block-size=16777216"
    "memorysetup-profiler-editor-allocator-block-size=1048576"
    "memorysetup-temp-allocator-size-main=16777216"
    "memorysetup-job-temp-allocator-block-size=2097152"
    "memorysetup-job-temp-allocator-block-size-background=1048576"
    "memorysetup-job-temp-allocator-reduction-small-platforms=262144"
    "memorysetup-temp-allocator-size-background-worker=32768"
    "memorysetup-temp-allocator-size-job-worker=262144"
    "memorysetup-temp-allocator-size-preload-manager=33554432"
    "memorysetup-temp-allocator-size-nav-mesh-worker=65536"
    "memorysetup-temp-allocator-size-audio-worker=65536"
    "memorysetup-temp-allocator-size-cloud-worker=32768"
    "memorysetup-temp-allocator-size-gi-baking-worker=262144"
    "memorysetup-temp-allocator-size-gfx=262144"
Player connection [14344] Host "[IP] 192.168.0.20 [Port] 0 [Flags] 2 [Guid] 3061766903 [EditorId] 3061766903 [Version] 1048832 [Id] WindowsEditor(7,DESKTOP-GAGE4H6) [Debug] 1 [PackageName] WindowsEditor [ProjectName] Editor" joined multi-casting on [225.0.0.222:54997]...

Player connection [14344] Host "[IP] 192.168.0.20 [Port] 0 [Flags] 2 [Guid] 3061766903 [EditorId] 3061766903 [Version] 1048832 [Id] WindowsEditor(7,DESKTOP-GAGE4H6) [Debug] 1 [PackageName] WindowsEditor [ProjectName] Editor" joined alternative multi-casting on [225.0.0.222:34997]...

Refreshing native plugins compatible for Editor in 198.41 ms, found 4 plugins.
Preloading 0 native plugins for Editor in 0.00 ms.
Initialize engine version: 2021.3.27f1 (ca3ffb99bcc6)
[Subsystems] Discovering subsystems at path C:/Program Files/Unity/Hub/Editor/2021.3.27f1/Editor/Data/Resources/UnitySubsystems
[Subsystems] Discovering subsystems at path D:/_BOOTCAMP/u-28/U-28-Bootcamp/Salusa-Sendacus/Assets
GfxDevice: creating device client; threaded=0; jobified=0
Direct3D:
    Version:  Direct3D 11.0 [level 11.1]
    Renderer: NVIDIA GeForce GTX 1650 (ID=0x1f91)
    Vendor:   NVIDIA
    VRAM:     3949 MB
    Driver:   31.0.15.3623
Initialize mono
Mono path[0] = 'C:/Program Files/Unity/Hub/Editor/2021.3.27f1/Editor/Data/Managed'
Mono path[1] = 'C:/Program Files/Unity/Hub/Editor/2021.3.27f1/Editor/Data/MonoBleedingEdge/lib/mono/unityjit-win32'
Mono config path = 'C:/Program Files/Unity/Hub/Editor/2021.3.27f1/Editor/Data/MonoBleedingEdge/etc'
Using monoOptions --debugger-agent=transport=dt_socket,embedding=1,server=y,suspend=n,address=127.0.0.1:56252
Begin MonoManager ReloadAssembly
Registering precompiled unity dll's ...
Register platform support module: C:/Program Files/Unity/Hub/Editor/2021.3.27f1/Editor/Data/PlaybackEngines/WebGLSupport/UnityEditor.WebGL.Extensions.dll
Register platform support module: C:/Program Files/Unity/Hub/Editor/2021.3.27f1/Editor/Data/PlaybackEngines/WindowsStandaloneSupport/UnityEditor.WindowsStandalone.Extensions.dll
Registered in 0.005230 seconds.
Native extension for WindowsStandalone target not found
Native extension for WebGL target not found
Refreshing native plugins compatible for Editor in 165.19 ms, found 4 plugins.
Preloading 0 native plugins for Editor in 0.00 ms.
Mono: successfully reloaded assembly
- Completed reload, in  0.778 seconds
Domain Reload Profiling:
	ReloadAssembly (778ms)
		BeginReloadAssembly (107ms)
			ExecutionOrderSort (0ms)
			DisableScriptedObjects (0ms)
			BackupInstance (0ms)
			ReleaseScriptingObjects (0ms)
			CreateAndSetChildDomain (1ms)
		EndReloadAssembly (559ms)
			LoadAssemblies (105ms)
			RebuildTransferFunctionScriptingTraits (0ms)
			SetupTypeCache (114ms)
			ReleaseScriptCaches (0ms)
			RebuildScriptCaches (28ms)
			SetupLoadedEditorAssemblies (362ms)
				LogAssemblyErrors (0ms)
				InitializePlatformSupportModulesInManaged (9ms)
				SetLoadedEditorAssemblies (0ms)
				RefreshPlugins (165ms)
				BeforeProcessingInitializeOnLoad (1ms)
				ProcessInitializeOnLoadAttributes (132ms)
				ProcessInitializeOnLoadMethodAttributes (54ms)
				AfterProcessingInitializeOnLoad (0ms)
				EditorAssembliesLoaded (0ms)
			ExecutionOrderSort2 (0ms)
			AwakeInstancesAfterBackupRestoration (0ms)
Platform modules already initialized, skipping
Registering precompiled user dll's ...
Registered in 0.005570 seconds.
Begin MonoManager ReloadAssembly
Symbol file LoadedFromMemory doesn't match image D:\_BOOTCAMP\u-28\U-28-Bootcamp\Salusa-Sendacus\Library\PackageCache\com.unity.visualscripting@1.8.0\Editor\VisualScripting.Core\Dependencies\YamlDotNet\Unity.VisualScripting.YamlDotNet.dll
Symbol file LoadedFromMemory doesn't match image D:\_BOOTCAMP\u-28\U-28-Bootcamp\Salusa-Sendacus\Library\PackageCache\com.unity.visualscripting@1.8.0\Editor\VisualScripting.Core\Dependencies\DotNetZip\Unity.VisualScripting.IonicZip.dll
Native extension for WindowsStandalone target not found
Native extension for WebGL target not found
Refreshing native plugins compatible for Editor in 187.12 ms, found 4 plugins.
Preloading 0 native plugins for Editor in 0.00 ms.
Error saving file Library/StateCache/LayerSettings/9e/9ecc5c3c162a7aba29bafa64c8b94b7c.json. Error: System.IO.IOException: Sharing violation on path D:\_BOOTCAMP\u-28\U-28-Bootcamp\Salusa-Sendacus\Library\StateCache\LayerSettings\9e\9ecc5c3c162a7aba29bafa64c8b94b7c.json
  at System.IO.FileStream..ctor (System.String path, System.IO.FileMode mode, System.IO.FileAccess access, System.IO.FileShare share, System.Int32 bufferSize, System.Boolean anonymous, System.IO.FileOptions options) [0x0019e] in <1c8569827291471e9db0dcd976e97952>:0 
  at System.IO.FileStream..ctor (System.String path, System.IO.FileMode mode, System.IO.FileAccess access, System.IO.FileShare share, System.Int32 bufferSize, System.IO.FileOptions options) [0x00000] in <1c8569827291471e9db0dcd976e97952>:0 
  at (wrapper remoting-invoke-with-check) System.IO.FileStream..ctor(string,System.IO.FileMode,System.IO.FileAccess,System.IO.FileShare,int,System.IO.FileOptions)
  at System.IO.StreamWriter..ctor (System.String path, System.Boolean append, System.Text.Encoding encoding, System.Int32 bufferSize) [0x00055] in <1c8569827291471e9db0dcd976e97952>:0 
  at System.IO.StreamWriter..ctor (System.String path, System.Boolean append, System.Text.Encoding encoding) [0x00000] in <1c8569827291471e9db0dcd976e97952>:0 
  at (wrapper remoting-invoke-with-check) System.IO.StreamWriter..ctor(string,bool,System.Text.Encoding)
  at System.IO.File.WriteAllText (System.String path, System.String contents, System.Text.Encoding encoding) [0x00034] in <1c8569827291471e9db0dcd976e97952>:0 
  at UnityEditor.StateCache`1[T].SetState (UnityEngine.Hash128 key, T obj) [0x0004b] in <a53e7cd0bf8c4035ac3e78fb7b43c4a6>:0 
UnityEngine.StackTraceUtility:ExtractStackTrace ()
UnityEngine.DebugLogHandler:LogFormat (UnityEngine.LogType,UnityEngine.Object,string,object[])
UnityEngine.Logger:Log (UnityEngine.LogType,object)
UnityEngine.Debug:LogError (object)
UnityEditor.StateCache`1<UnityEditor.Tools/LayerSettings>:SetState (UnityEngine.Hash128,UnityEditor.Tools/LayerSettings)
UnityEditor.Tools:set_lockedLayers (int)
UnityEditor.Tools:OnEnable ()
UnityEngine.ScriptableObject:CreateInstance (System.Type)
UnityEngine.ScriptableObject:CreateInstance<UnityEditor.Tools> ()
UnityEditor.Tools:get_get ()
UnityEditor.Tools:get_visibleLayers ()
UnityEditor.Animations.Rigging.BoneRendererUtils:.cctor () (at Library/PackageCache/com.unity.animation.rigging@1.2.1/Editor/Utils/BoneRendererUtils.cs:121)
System.Runtime.CompilerServices.RuntimeHelpers:RunClassConstructor (System.RuntimeTypeHandle)
UnityEditor.EditorAssemblies:ProcessInitializeOnLoadAttributes (System.Type[])

(Filename: Library/PackageCache/com.unity.animation.rigging@1.2.1/Editor/Utils/BoneRendererUtils.cs Line: 121)

Mono: successfully reloaded assembly
- Completed reload, in  1.743 seconds
Domain Reload Profiling:
	ReloadAssembly (1744ms)
		BeginReloadAssembly (137ms)
			ExecutionOrderSort (0ms)
			DisableScriptedObjects (6ms)
			BackupInstance (0ms)
			ReleaseScriptingObjects (0ms)
			CreateAndSetChildDomain (22ms)
		EndReloadAssembly (1487ms)
			LoadAssemblies (134ms)
			RebuildTransferFunctionScriptingTraits (0ms)
			SetupTypeCache (364ms)
			ReleaseScriptCaches (1ms)
			RebuildScriptCaches (115ms)
			SetupLoadedEditorAssemblies (843ms)
				LogAssemblyErrors (0ms)
				InitializePlatformSupportModulesInManaged (6ms)
				SetLoadedEditorAssemblies (0ms)
				RefreshPlugins (187ms)
				BeforeProcessingInitializeOnLoad (146ms)
				ProcessInitializeOnLoadAttributes (438ms)
				ProcessInitializeOnLoadMethodAttributes (59ms)
				AfterProcessingInitializeOnLoad (6ms)
				EditorAssembliesLoaded (0ms)
			ExecutionOrderSort2 (0ms)
			AwakeInstancesAfterBackupRestoration (7ms)
Platform modules already initialized, skipping
========================================================================
Worker process is ready to serve import requests
Launched and connected shader compiler UnityShaderCompiler.exe after 0.08 seconds
Refreshing native plugins compatible for Editor in 1.60 ms, found 4 plugins.
Preloading 0 native plugins for Editor in 0.00 ms.
Unloading 7362 Unused Serialized files (Serialized files now loaded: 0)
Unloading 170 unused Assets / (12.7 MB). Loaded Objects now: 7697.
Memory consumption went from 346.7 MB to 334.0 MB.
Total: 7.876900 ms (FindLiveObjects: 0.762600 ms CreateObjectMapping: 0.822200 ms MarkObjects: 3.794200 ms  DeleteObjects: 2.496600 ms)

AssetImportParameters requested are different than current active one (requested -> active):
  custom:video-decoder-ogg-theora: a1e56fd34408186e4bbccfd4996cb3dc -> 
  custom:container-muxer-webm: aa71ff27fc2769a1b78a27578f13a17b -> 
  custom:container-demuxer-webm: 4f35f7cbe854078d1ac9338744f61a02 -> 
  custom:video-encoder-webm-vp8: eb34c28f22e8b96e1ab97ce403110664 -> 
  custom:video-codec-MediaFoundation-h265: 746d11721c4dcdbdad8f713fa42b33f4 -> 
  custom:audio-encoder-webm-vorbis: bf7c407c2cedff20999df2af8eb42d56 -> 
  custom:framework-win-MediaFoundation: 216162199b28c13a410421893ffa2e32 -> 
  custom:container-demuxer-ogg: 62fdf1f143b41e24485cea50d1cbac27 -> 
  custom:video-decoder-webm-vp8: 9c59270c3fd7afecdb556c50c9e8de78 -> 
  custom:audio-decoder-ogg-vorbis: bf7c407c2cedff20999df2af8eb42d56 -> 
========================================================================
Received Import Request.
  Time since last request: 1739461.102183 seconds.
  path: Assets/Scenes/TemelSahne.unity
  artifactKey: Guid(bd9a81da0d57a87449f61a8417f67211) Importer(815301076,1909f56bfc062723c751e8b465ee728b)
Start importing Assets/Scenes/TemelSahne.unity using Guid(bd9a81da0d57a87449f61a8417f67211) Importer(815301076,1909f56bfc062723c751e8b465ee728b)  -> (artifact id: '63f64db6f57b3f6399a826d91fcbe961') in 0.021302 seconds 
========================================================================
Received Prepare
Registering precompiled user dll's ...
Registered in 0.004548 seconds.
Begin MonoManager ReloadAssembly
Symbol file LoadedFromMemory doesn't match image D:\_BOOTCAMP\u-28\U-28-Bootcamp\Salusa-Sendacus\Library\PackageCache\com.unity.visualscripting@1.8.0\Editor\VisualScripting.Core\Dependencies\YamlDotNet\Unity.VisualScripting.YamlDotNet.dll
Symbol file LoadedFromMemory doesn't match image D:\_BOOTCAMP\u-28\U-28-Bootcamp\Salusa-Sendacus\Library\PackageCache\com.unity.visualscripting@1.8.0\Editor\VisualScripting.Core\Dependencies\DotNetZip\Unity.VisualScripting.IonicZip.dll
Native extension for WindowsStandalone target not found
Native extension for WebGL target not found
Refreshing native plugins compatible for Editor in 1.65 ms, found 4 plugins.
Preloading 0 native plugins for Editor in 0.00 ms.
Mono: successfully reloaded assembly
- Completed reload, in  1.692 seconds
Domain Reload Profiling:
	ReloadAssembly (1693ms)
		BeginReloadAssembly (203ms)
			ExecutionOrderSort (0ms)
			DisableScriptedObjects (7ms)
			BackupInstance (0ms)
			ReleaseScriptingObjects (0ms)
			CreateAndSetChildDomain (50ms)
		EndReloadAssembly (1359ms)
			LoadAssemblies (259ms)
			RebuildTransferFunctionScriptingTraits (0ms)
			SetupTypeCache (399ms)
			ReleaseScriptCaches (2ms)
			RebuildScriptCaches (118ms)
			SetupLoadedEditorAssemblies (559ms)
				LogAssemblyErrors (0ms)
				InitializePlatformSupportModulesInManaged (7ms)
				SetLoadedEditorAssemblies (1ms)
				RefreshPlugins (2ms)
				BeforeProcessingInitializeOnLoad (153ms)
				ProcessInitializeOnLoadAttributes (359ms)
				ProcessInitializeOnLoadMethodAttributes (30ms)
				AfterProcessingInitializeOnLoad (7ms)
				EditorAssembliesLoaded (0ms)
			ExecutionOrderSort2 (0ms)
			AwakeInstancesAfterBackupRestoration (9ms)
Platform modules already initialized, skipping
Refreshing native plugins compatible for Editor in 4.57 ms, found 4 plugins.
Preloading 0 native plugins for Editor in 0.00 ms.
Unloading 7078 Unused Serialized files (Serialized files now loaded: 0)
Unloading 149 unused Assets / (12.7 MB). Loaded Objects now: 7713.
Memory consumption went from 320.5 MB to 307.9 MB.
Total: 13.429300 ms (FindLiveObjects: 1.809600 ms CreateObjectMapping: 1.415900 ms MarkObjects: 5.413700 ms  DeleteObjects: 4.786600 ms)

AssetImportParameters requested are different than current active one (requested -> active):
  custom:video-decoder-ogg-theora: a1e56fd34408186e4bbccfd4996cb3dc -> 
  custom:container-muxer-webm: aa71ff27fc2769a1b78a27578f13a17b -> 
  custom:container-demuxer-webm: 4f35f7cbe854078d1ac9338744f61a02 -> 
  custom:video-encoder-webm-vp8: eb34c28f22e8b96e1ab97ce403110664 -> 
  custom:video-codec-MediaFoundation-h265: 746d11721c4dcdbdad8f713fa42b33f4 -> 
  custom:audio-encoder-webm-vorbis: bf7c407c2cedff20999df2af8eb42d56 -> 
  custom:framework-win-MediaFoundation: 216162199b28c13a410421893ffa2e32 -> 
  custom:container-demuxer-ogg: 62fdf1f143b41e24485cea50d1cbac27 -> 
  custom:video-decoder-webm-vp8: 9c59270c3fd7afecdb556c50c9e8de78 -> 
  custom:audio-decoder-ogg-vorbis: bf7c407c2cedff20999df2af8eb42d56 -> 
========================================================================
Received Import Request.
  Time since last request: 481.577220 seconds.
  path: Assets/SMC Pack 1/Pack/1.png
  artifactKey: Guid(7251bd8650d2a8d428edb29289952851) Importer(815301076,1909f56bfc062723c751e8b465ee728b)
Start importing Assets/SMC Pack 1/Pack/1.png using Guid(7251bd8650d2a8d428edb29289952851) Importer(815301076,1909f56bfc062723c751e8b465ee728b)  -> (artifact id: 'effa18d5b1f310e063dfa1b389bdf0ff') in 0.160435 seconds 
========================================================================
Received Import Request.
  Time since last request: 0.000043 seconds.
  path: Assets/SMC Pack 1/Bonus/2.png
  artifactKey: Guid(bb7d492bc0a9c814a854d73eca0e5e29) Importer(815301076,1909f56bfc062723c751e8b465ee728b)
Start importing Assets/SMC Pack 1/Bonus/2.png using Guid(bb7d492bc0a9c814a854d73eca0e5e29) Importer(815301076,1909f56bfc062723c751e8b465ee728b)  -> (artifact id: 'b79c1e7bade0be8e08c6a0dc9d9f1a0a') in 0.049622 seconds 
========================================================================
Received Import Request.
  Time since last request: 1.485783 seconds.
  path: Assets/SMC Pack 1/Pack/3.png
  artifactKey: Guid(9e6fdb7bfc45d4d48ad99eedc050a082) Importer(815301076,1909f56bfc062723c751e8b465ee728b)
Start importing Assets/SMC Pack 1/Pack/3.png using Guid(9e6fdb7bfc45d4d48ad99eedc050a082) Importer(815301076,1909f56bfc062723c751e8b465ee728b)  -> (artifact id: '46518dc710ee881ac1073cbf76b2f7a4') in 0.037331 seconds 
========================================================================
Received Import Request.
  Time since last request: 0.888419 seconds.
  path: Assets/SMC Pack 1/Pack/4.png
  artifactKey: Guid(54539420bd1453f4e816421cca4b2ddd) Importer(815301076,1909f56bfc062723c751e8b465ee728b)
Start importing Assets/SMC Pack 1/Pack/4.png using Guid(54539420bd1453f4e816421cca4b2ddd) Importer(815301076,1909f56bfc062723c751e8b465ee728b)  -> (artifact id: 'e70c8c6f205955f865cd067416474c16') in 0.077109 seconds 
========================================================================
Received Import Request.
  Time since last request: 0.856332 seconds.
  path: Assets/SMC Pack 1/Bonus/6.png
  artifactKey: Guid(aad05c085ae286c4197c7972d4a16931) Importer(815301076,1909f56bfc062723c751e8b465ee728b)
Start importing Assets/SMC Pack 1/Bonus/6.png using Guid(aad05c085ae286c4197c7972d4a16931) Importer(815301076,1909f56bfc062723c751e8b465ee728b)  -> (artifact id: 'cedce77e4753f8d7c44d297655266f4f') in 0.120428 seconds 
========================================================================
Received Import Request.
  Time since last request: 0.322150 seconds.
  path: Assets/SMC Pack 1/Bonus/8.png
  artifactKey: Guid(7d3a7edd25aec7849a2ac14b740614d4) Importer(815301076,1909f56bfc062723c751e8b465ee728b)
Start importing Assets/SMC Pack 1/Bonus/8.png using Guid(7d3a7edd25aec7849a2ac14b740614d4) Importer(815301076,1909f56bfc062723c751e8b465ee728b)  -> (artifact id: '5368d37c3987973b49c55520067963bd') in 0.100805 seconds 
========================================================================
Received Import Request.
  Time since last request: 0.242513 seconds.
  path: Assets/SMC Pack 1/Pack/9.png
  artifactKey: Guid(7c90b54608d60f944ac10eb6ae445272) Importer(815301076,1909f56bfc062723c751e8b465ee728b)
Start importing Assets/SMC Pack 1/Pack/9.png using Guid(7c90b54608d60f944ac10eb6ae445272) Importer(815301076,1909f56bfc062723c751e8b465ee728b)  -> (artifact id: '43de80c7042345fe497ae8cec26c8c84') in 0.041008 seconds 
========================================================================
Received Import Request.
  Time since last request: 0.298964 seconds.
  path: Assets/SMC Pack 1/Pack/11.png
  artifactKey: Guid(9e4e4703d1388a043ab4fee5563e2c5d) Importer(815301076,1909f56bfc062723c751e8b465ee728b)
Start importing Assets/SMC Pack 1/Pack/11.png using Guid(9e4e4703d1388a043ab4fee5563e2c5d) Importer(815301076,1909f56bfc062723c751e8b465ee728b)  -> (artifact id: 'c1cb88b60a7e0347e37340e219f451cd') in 0.085557 seconds 
========================================================================
Received Import Request.
  Time since last request: 0.250645 seconds.
  path: Assets/SMC Pack 1/Pack/14.png
  artifactKey: Guid(a75fb173360c769409f501f80eb48a09) Importer(815301076,1909f56bfc062723c751e8b465ee728b)
Start importing Assets/SMC Pack 1/Pack/14.png using Guid(a75fb173360c769409f501f80eb48a09) Importer(815301076,1909f56bfc062723c751e8b465ee728b)  -> (artifact id: 'bf5e91007ab7a27edfb51807a5d1e923') in 0.025310 seconds 
========================================================================
Received Import Request.
  Time since last request: 0.046805 seconds.
  path: Assets/SMC Pack 1/Pack/16.png
  artifactKey: Guid(53b66a68f0412344a804d974ad9cc66a) Importer(815301076,1909f56bfc062723c751e8b465ee728b)
Start importing Assets/SMC Pack 1/Pack/16.png using Guid(53b66a68f0412344a804d974ad9cc66a) Importer(815301076,1909f56bfc062723c751e8b465ee728b)  -> (artifact id: '8e0bdd5f8ee91622cb8c38f5b7737ed7') in 0.030206 seconds 
========================================================================
Received Import Request.
  Time since last request: 0.195551 seconds.
  path: Assets/SMC Pack 1/Pack/18.png
  artifactKey: Guid(3fadf977527a0ed4fac721a6a7bceb6e) Importer(815301076,1909f56bfc062723c751e8b465ee728b)
Start importing Assets/SMC Pack 1/Pack/18.png using Guid(3fadf977527a0ed4fac721a6a7bceb6e) Importer(815301076,1909f56bfc062723c751e8b465ee728b)  -> (artifact id: 'ad1d508d4d08fdd9759c9a947db3b34f') in 0.024812 seconds 
========================================================================
Received Import Request.
  Time since last request: 0.269744 seconds.
  path: Assets/SMC Pack 1/Pack/21.png
  artifactKey: Guid(522e2eec793857746ad0f1fa3fa2767b) Importer(815301076,1909f56bfc062723c751e8b465ee728b)
Start importing Assets/SMC Pack 1/Pack/21.png using Guid(522e2eec793857746ad0f1fa3fa2767b) Importer(815301076,1909f56bfc062723c751e8b465ee728b)  -> (artifact id: '47d911795489406ca93ae8b2bf0e6efe') in 0.013974 seconds 
========================================================================
Received Import Request.
  Time since last request: 0.050316 seconds.
  path: Assets/SMC Pack 1/Pack/23.png
  artifactKey: Guid(901bc5b5e8668354ab9c0dffdc0c40b3) Importer(815301076,1909f56bfc062723c751e8b465ee728b)
Start importing Assets/SMC Pack 1/Pack/23.png using Guid(901bc5b5e8668354ab9c0dffdc0c40b3) Importer(815301076,1909f56bfc062723c751e8b465ee728b)  -> (artifact id: '47ae1fc1241183db93fd7b270ba1ef89') in 0.097467 seconds 
========================================================================
Received Import Request.
  Time since last request: 70.484020 seconds.
  path: Assets/SMC Pack 1/Pack/25.png
  artifactKey: Guid(1fcf98984d1c01f40b488b6333111121) Importer(815301076,1909f56bfc062723c751e8b465ee728b)
Start importing Assets/SMC Pack 1/Pack/25.png using Guid(1fcf98984d1c01f40b488b6333111121) Importer(815301076,1909f56bfc062723c751e8b465ee728b)  -> (artifact id: '8f27eb83990d15ca473ba6ca6e1443b6') in 0.085143 seconds 
========================================================================
Received Import Request.
  Time since last request: 1953.170002 seconds.
  path: Assets/TextMesh Pro/Resources/Fonts & Materials/LiberationSans SDF - Fallback.asset
  artifactKey: Guid(2e498d1c8094910479dc3e1b768306a4) Importer(815301076,1909f56bfc062723c751e8b465ee728b)
Start importing Assets/TextMesh Pro/Resources/Fonts & Materials/LiberationSans SDF - Fallback.asset using Guid(2e498d1c8094910479dc3e1b768306a4) Importer(815301076,1909f56bfc062723c751e8b465ee728b)  -> (artifact id: 'e482dedb0b09c26b4712e27396e49e40') in 0.043532 seconds 
